<?xml version="1.0" encoding="UTF-8"?>
<testsuite xmlns:xsi="http://www.w3.org/2001/XMLSchema-instance" xsi:noNamespaceSchemaLocation="https://maven.apache.org/surefire/maven-surefire-plugin/xsd/surefire-test-report.xsd" name="TestSuite" time="60.966" tests="5" errors="0" skipped="0" failures="0">
  <properties>
[...]
</properties>
  <testcase name="TC_01_RegisterToSystem" classname="com.nopcommerce.login.Login_13_RegisterAndLogin_DynamicElement" time="9.095"/>
  <testcase name="TC_02_LoginToSystem" classname="com.nopcommerce.login.Login_13_RegisterAndLogin_DynamicElement" time="5.326"/>
  <testcase name="TC_03_Dymamic_Header_Menu_More" classname="com.nopcommerce.login.Login_13_RegisterAndLogin_DynamicElement" time="23.329"/>
  <testcase name="TC_04_Dymamic_Header_Sub_Menu_More" classname="com.nopcommerce.login.Login_13_RegisterAndLogin_DynamicElement" time="9.606"/>
  <testcase name="TC_05_Dymamic_Header_Menu_More" classname="com.nopcommerce.login.Login_13_RegisterAndLogin_DynamicElement" time="0"/>
</testsuite>