<?xml version="1.0" encoding="UTF-8"?>
<testng-results total="5" passed="5" failed="0" skipped="0">
  <reporter-output>
    <line>
      <![CDATA[2021-03-07 00:55:27,366 INFO  com.nopcommerce.login.Login_13_RegisterAndLogin_DynamicElement -  -------------------------- PASSED -------------------------- 
]]>
    </line>
    <line>
      <![CDATA[2021-03-07 00:55:35,643 INFO  com.nopcommerce.login.Login_13_RegisterAndLogin_DynamicElement -  -------------------------- PASSED -------------------------- 
]]>
    </line>
    <line>
      <![CDATA[2021-03-07 00:56:08,589 INFO  com.nopcommerce.login.Login_13_RegisterAndLogin_DynamicElement - OS name = windows 10
]]>
    </line>
    <line>
      <![CDATA[2021-03-07 00:56:10,574 INFO  com.nopcommerce.login.Login_13_RegisterAndLogin_DynamicElement - ---------- QUIT BROWSER SUCCESS ----------
]]>
    </line>
  </reporter-output>
  <suite started-at="2021-03-06T17:55:11Z" name="Nop Commerce" finished-at="2021-03-06T17:56:10Z" duration-ms="58720">
    <groups>
    </groups>
    <test started-at="2021-03-06T17:55:11Z" name="Run on CHROME" finished-at="2021-03-06T17:56:10Z" duration-ms="58720">
      <class name="com.nopcommerce.login.Login_13_RegisterAndLogin_DynamicElement">
        <test-method is-config="true" signature="beforeTest(java.lang.String, java.lang.String)[pri:0, instance:com.nopcommerce.login.Login_13_RegisterAndLogin_DynamicElement@2034b64c]" started-at="2021-03-07T00:55:11Z" name="beforeTest" finished-at="2021-03-07T00:55:21Z" duration-ms="9348" status="PASS">
          <params>
            <param index="0">
              <value>
                <![CDATA[chrome]]>
              </value>
            </param>
            <param index="1">
              <value>
                <![CDATA[https://demo.nopcommerce.com/]]>
              </value>
            </param>
          </params>
          <reporter-output>
          </reporter-output>
        </test-method> <!-- beforeTest -->
        <test-method signature="TC_01_RegisterToSystem()[pri:0, instance:com.nopcommerce.login.Login_13_RegisterAndLogin_DynamicElement@2034b64c]" started-at="2021-03-07T00:55:21Z" name="TC_01_RegisterToSystem" finished-at="2021-03-07T00:55:30Z" duration-ms="9088" status="PASS">
          <reporter-output>
            <line>
              <![CDATA[2021-03-07 00:55:27,366 INFO  com.nopcommerce.login.Login_13_RegisterAndLogin_DynamicElement -  -------------------------- PASSED -------------------------- 
]]>
            </line>
          </reporter-output>
        </test-method> <!-- TC_01_RegisterToSystem -->
        <test-method signature="TC_02_LoginToSystem()[pri:0, instance:com.nopcommerce.login.Login_13_RegisterAndLogin_DynamicElement@2034b64c]" started-at="2021-03-07T00:55:30Z" name="TC_02_LoginToSystem" finished-at="2021-03-07T00:55:35Z" duration-ms="5329" status="PASS">
          <reporter-output>
            <line>
              <![CDATA[2021-03-07 00:55:35,643 INFO  com.nopcommerce.login.Login_13_RegisterAndLogin_DynamicElement -  -------------------------- PASSED -------------------------- 
]]>
            </line>
          </reporter-output>
        </test-method> <!-- TC_02_LoginToSystem -->
        <test-method signature="TC_03_Dymamic_Header_Menu_More()[pri:0, instance:com.nopcommerce.login.Login_13_RegisterAndLogin_DynamicElement@2034b64c]" started-at="2021-03-07T00:55:35Z" name="TC_03_Dymamic_Header_Menu_More" description="only use in case more pages" finished-at="2021-03-07T00:55:58Z" duration-ms="23334" status="PASS">
          <reporter-output>
          </reporter-output>
        </test-method> <!-- TC_03_Dymamic_Header_Menu_More -->
        <test-method signature="TC_04_Dymamic_Header_Sub_Menu_More()[pri:0, instance:com.nopcommerce.login.Login_13_RegisterAndLogin_DynamicElement@2034b64c]" started-at="2021-03-07T00:55:58Z" name="TC_04_Dymamic_Header_Sub_Menu_More" description="only use in case more pages" finished-at="2021-03-07T00:56:08Z" duration-ms="9598" status="PASS">
          <reporter-output>
          </reporter-output>
        </test-method> <!-- TC_04_Dymamic_Header_Sub_Menu_More -->
        <test-method signature="TC_05_Dymamic_Header_Menu_More()[pri:0, instance:com.nopcommerce.login.Login_13_RegisterAndLogin_DynamicElement@2034b64c]" started-at="2021-03-07T00:56:08Z" name="TC_05_Dymamic_Header_Menu_More" description="only use in case more pages" finished-at="2021-03-07T00:56:08Z" duration-ms="0" status="PASS">
          <reporter-output>
          </reporter-output>
        </test-method> <!-- TC_05_Dymamic_Header_Menu_More -->
        <test-method is-config="true" signature="afterTest()[pri:0, instance:com.nopcommerce.login.Login_13_RegisterAndLogin_DynamicElement@2034b64c]" started-at="2021-03-07T00:56:08Z" name="afterTest" finished-at="2021-03-07T00:56:10Z" duration-ms="1988" status="PASS">
          <reporter-output>
            <line>
              <![CDATA[2021-03-07 00:56:08,589 INFO  com.nopcommerce.login.Login_13_RegisterAndLogin_DynamicElement - OS name = windows 10
]]>
            </line>
            <line>
              <![CDATA[2021-03-07 00:56:10,574 INFO  com.nopcommerce.login.Login_13_RegisterAndLogin_DynamicElement - ---------- QUIT BROWSER SUCCESS ----------
]]>
            </line>
          </reporter-output>
        </test-method> <!-- afterTest -->
      </class> <!-- com.nopcommerce.login.Login_13_RegisterAndLogin_DynamicElement -->
    </test> <!-- Run on CHROME -->
  </suite> <!-- Nop Commerce -->
</testng-results>
