<?xml version="1.0" encoding="UTF-8"?>
<testsuite name="Run on CHROME"
           tests="5"
           failures="0"
           errors="0"
           skipped="0"
           time="35.553">
  <properties />
  
  
            <testcase name="TC_03_Dymamic_Header_Menu_More" time="15.630" classname="com.nopcommerce.login.Login_13_RegisterAndLogin_DynamicElement" />
                <testcase name="TC_05_Dymamic_Header_Menu_More" time="0.000" classname="com.nopcommerce.login.Login_13_RegisterAndLogin_DynamicElement" />
                <testcase name="TC_04_Dymamic_Header_Sub_Menu_More" time="6.503" classname="com.nopcommerce.login.Login_13_RegisterAndLogin_DynamicElement" />
                <testcase name="TC_02_LoginToSystem" time="3.788" classname="com.nopcommerce.login.Login_13_RegisterAndLogin_DynamicElement" />
                <testcase name="TC_01_RegisterToSystem" time="9.632" classname="com.nopcommerce.login.Login_13_RegisterAndLogin_DynamicElement" />
      
</testsuite>
