<?xml version="1.0" encoding="UTF-8"?>
<!-- Generated by org.testng.reporters.JUnitXMLReporter -->
<testsuite hostname="Admin" failures="0" tests="5" name="Run on CHROME" time="58.72" errors="0" timestamp="6 Mar 2021 17:56:10 GMT">
  <testcase classname="com.nopcommerce.login.Login_13_RegisterAndLogin_DynamicElement" name="TC_01_RegisterToSystem" time="9.088"/>
  <testcase classname="com.nopcommerce.login.Login_13_RegisterAndLogin_DynamicElement" name="TC_02_LoginToSystem" time="5.329"/>
  <testcase classname="com.nopcommerce.login.Login_13_RegisterAndLogin_DynamicElement" name="TC_03_Dymamic_Header_Menu_More" time="23.334"/>
  <testcase classname="com.nopcommerce.login.Login_13_RegisterAndLogin_DynamicElement" name="TC_04_Dymamic_Header_Sub_Menu_More" time="9.598"/>
  <testcase classname="com.nopcommerce.login.Login_13_RegisterAndLogin_DynamicElement" name="TC_05_Dymamic_Header_Menu_More" time="0.0"/>
</testsuite> <!-- Run on CHROME -->
